Started at: 2026-02-04 14:56:29.587146
======================================================================
Loaded 9560 GRE words
Estimated time: ~2.5 hours (0.5s per word)

[100/9560] (1.0%) - 99 enriched, 0 failed - ETA: 204.0 min
[200/9560] (2.1%) - 198 enriched, 1 failed - ETA: 202.8 min
[300/9560] (3.1%) - 296 enriched, 3 failed - ETA: 200.9 min
[400/9560] (4.2%) - 396 enriched, 3 failed - ETA: 199.0 min
[500/9560] (5.2%) - 491 enriched, 8 failed - ETA: 197.0 min
[600/9560] (6.3%) - 590 enriched, 9 failed - ETA: 194.9 min
[700/9560] (7.3%) - 689 enriched, 10 failed - ETA: 192.8 min
[800/9560] (8.4%) - 788 enriched, 11 failed - ETA: 190.7 min
[900/9560] (9.4%) - 886 enriched, 13 failed - ETA: 188.7 min
[1000/9560] (10.5%) - 983 enriched, 16 failed - ETA: 186.4 min
[1100/9560] (11.5%) - 1083 enriched, 16 failed - ETA: 184.4 min
[1200/9560] (12.6%) - 1182 enriched, 17 failed - ETA: 182.2 min
[1300/9560] (13.6%) - 1279 enriched, 20 failed - ETA: 180.0 min
[1400/9560] (14.6%) - 1379 enriched, 20 failed - ETA: 177.8 min
[1500/9560] (15.7%) - 1477 enriched, 22 failed - ETA: 175.7 min
[1600/9560] (16.7%) - 1577 enriched, 22 failed - ETA: 173.5 min
[1700/9560] (17.8%) - 1677 enriched, 22 failed - ETA: 171.3 min
[1800/9560] (18.8%) - 1776 enriched, 23 failed - ETA: 169.1 min
[1900/9560] (19.9%) - 1876 enriched, 23 failed - ETA: 166.9 min
[2000/9560] (20.9%) - 1976 enriched, 23 failed - ETA: 164.8 min
[2100/9560] (22.0%) - 2074 enriched, 25 failed - ETA: 162.5 min
[2200/9560] (23.0%) - 2171 enriched, 28 failed - ETA: 160.4 min
[2300/9560] (24.1%) - 2271 enriched, 28 failed - ETA: 158.2 min
[2400/9560] (25.1%) - 2369 enriched, 30 failed - ETA: 156.0 min
[2500/9560] (26.2%) - 2469 enriched, 30 failed - ETA: 153.9 min
[2600/9560] (27.2%) - 2569 enriched, 30 failed - ETA: 151.7 min
[2700/9560] (28.2%) - 2668 enriched, 31 failed - ETA: 149.5 min
[2800/9560] (29.3%) - 2767 enriched, 32 failed - ETA: 147.4 min
[2900/9560] (30.3%) - 2867 enriched, 32 failed - ETA: 145.2 min
[3000/9560] (31.4%) - 2967 enriched, 32 failed - ETA: 143.0 min
[3100/9560] (32.4%) - 3067 enriched, 32 failed - ETA: 140.9 min
[3200/9560] (33.5%) - 3166 enriched, 33 failed - ETA: 138.7 min
[3300/9560] (34.5%) - 3266 enriched, 33 failed - ETA: 136.5 min
[3400/9560] (35.6%) - 3362 enriched, 37 failed - ETA: 134.3 min
[3500/9560] (36.6%) - 3462 enriched, 37 failed - ETA: 132.1 min
[3600/9560] (37.7%) - 3559 enriched, 40 failed - ETA: 130.0 min
[3700/9560] (38.7%) - 3658 enriched, 41 failed - ETA: 127.8 min
[3800/9560] (39.7%) - 3757 enriched, 42 failed - ETA: 125.6 min
[3900/9560] (40.8%) - 3856 enriched, 43 failed - ETA: 123.4 min
[4000/9560] (41.8%) - 3955 enriched, 44 failed - ETA: 121.2 min
[4100/9560] (42.9%) - 4055 enriched, 44 failed - ETA: 119.0 min
[4200/9560] (43.9%) - 4153 enriched, 46 failed - ETA: 116.9 min
[4300/9560] (45.0%) - 4250 enriched, 49 failed - ETA: 114.7 min
[4400/9560] (46.0%) - 4347 enriched, 52 failed - ETA: 112.5 min
[4500/9560] (47.1%) - 4446 enriched, 53 failed - ETA: 110.3 min
[4600/9560] (48.1%) - 4543 enriched, 56 failed - ETA: 108.1 min
[4700/9560] (49.2%) - 4640 enriched, 59 failed - ETA: 106.0 min
[4800/9560] (50.2%) - 4740 enriched, 59 failed - ETA: 103.8 min
[4900/9560] (51.3%) - 4840 enriched, 59 failed - ETA: 101.7 min
[5000/9560] (52.3%) - 4935 enriched, 64 failed - ETA: 99.5 min
[5100/9560] (53.3%) - 5034 enriched, 65 failed - ETA: 97.3 min
[5200/9560] (54.4%) - 5134 enriched, 65 failed - ETA: 95.1 min
[5300/9560] (55.4%) - 5232 enriched, 67 failed - ETA: 92.9 min
[5400/9560] (56.5%) - 5331 enriched, 68 failed - ETA: 90.8 min
[5500/9560] (57.5%) - 5430 enriched, 69 failed - ETA: 88.6 min
[5600/9560] (58.6%) - 5529 enriched, 70 failed - ETA: 86.4 min
[5700/9560] (59.6%) - 5628 enriched, 71 failed - ETA: 84.2 min
[5800/9560] (60.7%) - 5726 enriched, 73 failed - ETA: 82.0 min
[5900/9560] (61.7%) - 5823 enriched, 76 failed - ETA: 79.8 min
[6000/9560] (62.8%) - 5920 enriched, 79 failed - ETA: 77.7 min
[6100/9560] (63.8%) - 6019 enriched, 80 failed - ETA: 75.5 min
[6200/9560] (64.9%) - 6119 enriched, 80 failed - ETA: 73.3 min
[6300/9560] (65.9%) - 6218 enriched, 81 failed - ETA: 71.1 min
[6400/9560] (66.9%) - 6316 enriched, 83 failed - ETA: 68.9 min
[6500/9560] (68.0%) - 6415 enriched, 84 failed - ETA: 66.7 min
[6600/9560] (69.0%) - 6511 enriched, 88 failed - ETA: 64.5 min
[6700/9560] (70.1%) - 6608 enriched, 91 failed - ETA: 62.4 min
[6800/9560] (71.1%) - 6706 enriched, 93 failed - ETA: 60.2 min
[6900/9560] (72.2%) - 6803 enriched, 96 failed - ETA: 58.0 min
[7000/9560] (73.2%) - 6902 enriched, 97 failed - ETA: 55.8 min
[7100/9560] (74.3%) - 7001 enriched, 98 failed - ETA: 53.6 min
[7200/9560] (75.3%) - 7099 enriched, 100 failed - ETA: 51.5 min
[7300/9560] (76.4%) - 7198 enriched, 101 failed - ETA: 49.3 min
[7400/9560] (77.4%) - 7295 enriched, 104 failed - ETA: 47.1 min
[7500/9560] (78.5%) - 7389 enriched, 110 failed - ETA: 44.9 min
[7600/9560] (79.5%) - 7489 enriched, 110 failed - ETA: 42.7 min
[7700/9560] (80.5%) - 7588 enriched, 111 failed - ETA: 40.6 min
[7800/9560] (81.6%) - 7687 enriched, 112 failed - ETA: 38.4 min
[7900/9560] (82.6%) - 7785 enriched, 114 failed - ETA: 36.2 min
[8000/9560] (83.7%) - 7885 enriched, 114 failed - ETA: 34.0 min
[8100/9560] (84.7%) - 7985 enriched, 114 failed - ETA: 31.8 min
[8200/9560] (85.8%) - 8084 enriched, 115 failed - ETA: 29.7 min
[8300/9560] (86.8%) - 8181 enriched, 118 failed - ETA: 27.5 min
[8400/9560] (87.9%) - 8279 enriched, 120 failed - ETA: 25.3 min
[8500/9560] (88.9%) - 8378 enriched, 121 failed - ETA: 23.1 min
[8600/9560] (90.0%) - 8477 enriched, 122 failed - ETA: 20.9 min
[8700/9560] (91.0%) - 8576 enriched, 123 failed - ETA: 18.8 min
[8800/9560] (92.1%) - 8674 enriched, 125 failed - ETA: 16.6 min
[8900/9560] (93.1%) - 8774 enriched, 125 failed - ETA: 14.4 min
[9000/9560] (94.1%) - 8874 enriched, 125 failed - ETA: 12.2 min
[9100/9560] (95.2%) - 8969 enriched, 130 failed - ETA: 10.0 min
[9200/9560] (96.2%) - 9065 enriched, 134 failed - ETA: 7.9 min
[9300/9560] (97.3%) - 9164 enriched, 135 failed - ETA: 5.7 min
[9400/9560] (98.3%) - 9262 enriched, 137 failed - ETA: 3.5 min
[9500/9560] (99.4%) - 9360 enriched, 139 failed - ETA: 1.3 min

======================================================================
Complete at: 2026-02-04 18:25:01.084399
Total: 9420 enriched, 140 failed
✓ Saved to gre_words_enriched.json
✓ Failed words saved to gre_words_failed.txt
