Started at: 2026-02-04 14:53:08.261544
======================================================================
Loaded 9560 GRE words
Estimated time: ~2.5 hours (0.5s per word + API delays)

[100/9560] (1.0%) - 99 enriched, 0 failed - 2026-02-04 14:55:17.631287
[200/9560] (2.1%) - 198 enriched, 1 failed - 2026-02-04 14:57:28.202424
[300/9560] (3.1%) - 296 enriched, 3 failed - 2026-02-04 14:59:38.674744
[400/9560] (4.2%) - 396 enriched, 3 failed - 2026-02-04 15:01:49.280003
[500/9560] (5.2%) - 491 enriched, 8 failed - 2026-02-04 15:03:59.986623
[600/9560] (6.3%) - 590 enriched, 9 failed - 2026-02-04 15:06:10.819696
[700/9560] (7.3%) - 689 enriched, 10 failed - 2026-02-04 15:08:21.824942
[800/9560] (8.4%) - 788 enriched, 11 failed - 2026-02-04 15:10:32.922652
[900/9560] (9.4%) - 886 enriched, 13 failed - 2026-02-04 15:12:44.462096
[1000/9560] (10.5%) - 983 enriched, 16 failed - 2026-02-04 15:14:54.778876
[1100/9560] (11.5%) - 1083 enriched, 16 failed - 2026-02-04 15:17:06.239463
[1200/9560] (12.6%) - 1182 enriched, 17 failed - 2026-02-04 15:19:17.155744
[1300/9560] (13.6%) - 1279 enriched, 20 failed - 2026-02-04 15:21:27.662633
[1400/9560] (14.6%) - 1379 enriched, 20 failed - 2026-02-04 15:23:38.816147
[1500/9560] (15.7%) - 1477 enriched, 22 failed - 2026-02-04 15:25:50.062462
[1600/9560] (16.7%) - 1577 enriched, 22 failed - 2026-02-04 15:28:01.439552
[1700/9560] (17.8%) - 1677 enriched, 22 failed - 2026-02-04 15:30:12.217000
[1800/9560] (18.8%) - 1776 enriched, 23 failed - 2026-02-04 15:32:23.059810
[1900/9560] (19.9%) - 1876 enriched, 23 failed - 2026-02-04 15:34:33.454620
[2000/9560] (20.9%) - 1976 enriched, 23 failed - 2026-02-04 15:36:44.077461
[2100/9560] (22.0%) - 2074 enriched, 25 failed - 2026-02-04 15:38:54.102746
[2200/9560] (23.0%) - 2171 enriched, 28 failed - 2026-02-04 15:41:05.264887
[2300/9560] (24.1%) - 2271 enriched, 28 failed - 2026-02-04 15:43:16.457475
[2400/9560] (25.1%) - 2369 enriched, 30 failed - 2026-02-04 15:45:27.997132
[2500/9560] (26.2%) - 2469 enriched, 30 failed - 2026-02-04 15:47:39.573081
[2600/9560] (27.2%) - 2569 enriched, 30 failed - 2026-02-04 15:49:51.380788
[2700/9560] (28.2%) - 2668 enriched, 31 failed - 2026-02-04 15:52:03.038823
[2800/9560] (29.3%) - 2767 enriched, 32 failed - 2026-02-04 15:54:14.996482
[2900/9560] (30.3%) - 2867 enriched, 32 failed - 2026-02-04 15:56:26.659633
[3000/9560] (31.4%) - 2967 enriched, 32 failed - 2026-02-04 15:58:38.047160
[3100/9560] (32.4%) - 3067 enriched, 32 failed - 2026-02-04 16:00:49.721843
[3200/9560] (33.5%) - 3166 enriched, 33 failed - 2026-02-04 16:03:00.319336
[3300/9560] (34.5%) - 3266 enriched, 33 failed - 2026-02-04 16:05:12.021420
[3400/9560] (35.6%) - 3362 enriched, 37 failed - 2026-02-04 16:07:22.901379
[3500/9560] (36.6%) - 3462 enriched, 37 failed - 2026-02-04 16:09:34.614685
[3600/9560] (37.7%) - 3559 enriched, 40 failed - 2026-02-04 16:11:46.254867
[3700/9560] (38.7%) - 3658 enriched, 41 failed - 2026-02-04 16:13:57.737084
[3800/9560] (39.7%) - 3757 enriched, 42 failed - 2026-02-04 16:16:09.318281
[3900/9560] (40.8%) - 3856 enriched, 43 failed - 2026-02-04 16:18:20.165371
[4000/9560] (41.8%) - 3955 enriched, 44 failed - 2026-02-04 16:20:31.237612
[4100/9560] (42.9%) - 4055 enriched, 44 failed - 2026-02-04 16:22:42.910532
[4200/9560] (43.9%) - 4153 enriched, 46 failed - 2026-02-04 16:24:53.638676
[4300/9560] (45.0%) - 4250 enriched, 49 failed - 2026-02-04 16:27:05.069143
[4400/9560] (46.0%) - 4347 enriched, 52 failed - 2026-02-04 16:29:16.751205
[4500/9560] (47.1%) - 4446 enriched, 53 failed - 2026-02-04 16:31:28.200616
[4600/9560] (48.1%) - 4543 enriched, 56 failed - 2026-02-04 16:33:39.624261
[4700/9560] (49.2%) - 4640 enriched, 59 failed - 2026-02-04 16:35:50.948689
[4800/9560] (50.2%) - 4740 enriched, 59 failed - 2026-02-04 16:38:02.416795
[4900/9560] (51.3%) - 4840 enriched, 59 failed - 2026-02-04 16:40:13.620637
[5000/9560] (52.3%) - 4935 enriched, 64 failed - 2026-02-04 16:42:25.267347
[5100/9560] (53.3%) - 5034 enriched, 65 failed - 2026-02-04 16:44:36.813318
[5200/9560] (54.4%) - 5134 enriched, 65 failed - 2026-02-04 16:46:48.637940
[5300/9560] (55.4%) - 5232 enriched, 67 failed - 2026-02-04 16:49:00.117858
[5400/9560] (56.5%) - 5331 enriched, 68 failed - 2026-02-04 16:51:11.724808
[5500/9560] (57.5%) - 5430 enriched, 69 failed - 2026-02-04 16:53:23.481062
[5600/9560] (58.6%) - 5529 enriched, 70 failed - 2026-02-04 16:55:34.903903
[5700/9560] (59.6%) - 5628 enriched, 71 failed - 2026-02-04 16:57:46.434389
[5800/9560] (60.7%) - 5726 enriched, 73 failed - 2026-02-04 16:59:57.869172
[5900/9560] (61.7%) - 5823 enriched, 76 failed - 2026-02-04 17:02:08.941566
[6000/9560] (62.8%) - 5920 enriched, 79 failed - 2026-02-04 17:04:19.102085
[6100/9560] (63.8%) - 6019 enriched, 80 failed - 2026-02-04 17:06:29.881088
[6200/9560] (64.9%) - 6119 enriched, 80 failed - 2026-02-04 17:08:40.765785
[6300/9560] (65.9%) - 6218 enriched, 81 failed - 2026-02-04 17:10:51.930825
[6400/9560] (66.9%) - 6316 enriched, 83 failed - 2026-02-04 17:13:02.274871
[6500/9560] (68.0%) - 6415 enriched, 84 failed - 2026-02-04 17:15:12.843333
[6600/9560] (69.0%) - 6511 enriched, 88 failed - 2026-02-04 17:17:24.221808
[6700/9560] (70.1%) - 6608 enriched, 91 failed - 2026-02-04 17:19:35.751713
[6800/9560] (71.1%) - 6706 enriched, 93 failed - 2026-02-04 17:21:46.852038
[6900/9560] (72.2%) - 6803 enriched, 96 failed - 2026-02-04 17:23:58.050282
[7000/9560] (73.2%) - 6902 enriched, 97 failed - 2026-02-04 17:26:09.215645
[7100/9560] (74.3%) - 7001 enriched, 98 failed - 2026-02-04 17:28:20.889590
[7200/9560] (75.3%) - 7099 enriched, 100 failed - 2026-02-04 17:30:31.686704
[7300/9560] (76.4%) - 7198 enriched, 101 failed - 2026-02-04 17:32:42.617852
[7400/9560] (77.4%) - 7295 enriched, 104 failed - 2026-02-04 17:34:54.053401
[7500/9560] (78.5%) - 7389 enriched, 110 failed - 2026-02-04 17:37:05.714780
[7600/9560] (79.5%) - 7489 enriched, 110 failed - 2026-02-04 17:39:17.205340
[7700/9560] (80.5%) - 7588 enriched, 111 failed - 2026-02-04 17:41:28.314552
[7800/9560] (81.6%) - 7687 enriched, 112 failed - 2026-02-04 17:43:40.197536
[7900/9560] (82.6%) - 7785 enriched, 114 failed - 2026-02-04 17:45:51.821269
[8000/9560] (83.7%) - 7885 enriched, 114 failed - 2026-02-04 17:48:03.147969
[8100/9560] (84.7%) - 7985 enriched, 114 failed - 2026-02-04 17:50:14.954521
[8200/9560] (85.8%) - 8084 enriched, 115 failed - 2026-02-04 17:52:27.299006
[8300/9560] (86.8%) - 8181 enriched, 118 failed - 2026-02-04 17:54:38.180702
[8400/9560] (87.9%) - 8279 enriched, 120 failed - 2026-02-04 17:56:48.827678
[8500/9560] (88.9%) - 8378 enriched, 121 failed - 2026-02-04 17:58:59.765778
[8600/9560] (90.0%) - 8477 enriched, 122 failed - 2026-02-04 18:01:11.128711
[8700/9560] (91.0%) - 8576 enriched, 123 failed - 2026-02-04 18:03:22.791969
[8800/9560] (92.1%) - 8674 enriched, 125 failed - 2026-02-04 18:05:34.507903
[8900/9560] (93.1%) - 8774 enriched, 125 failed - 2026-02-04 18:07:46.285900
[9000/9560] (94.1%) - 8874 enriched, 125 failed - 2026-02-04 18:09:57.774463
[9100/9560] (95.2%) - 8969 enriched, 130 failed - 2026-02-04 18:12:08.838941
[9200/9560] (96.2%) - 9065 enriched, 134 failed - 2026-02-04 18:14:19.750203
[9300/9560] (97.3%) - 9164 enriched, 135 failed - 2026-02-04 18:16:30.787161
[9400/9560] (98.3%) - 9262 enriched, 137 failed - 2026-02-04 18:18:42.176917
[9500/9560] (99.4%) - 9360 enriched, 139 failed - 2026-02-04 18:20:53.799312

======================================================================
Enrichment complete at: 2026-02-04 18:22:13.886153
Total: 9420 enriched, 140 failed
✓ Saved to gre_words_enriched.json
✓ Failed words saved to gre_words_failed.txt
